<?xml version="1.0" encoding="UTF-8"?>
<coverage generated="1770744947125" clover="3.2.0">
  <project timestamp="1770744947125" name="All files">
    <metrics statements="20" coveredstatements="20" conditionals="16" coveredconditionals="13" methods="4" coveredmethods="4" elements="40" coveredelements="37" complexity="0" loc="20" ncloc="20" packages="1" files="1" classes="1"/>
    <file name="utils.js" path="/Users/mateogarcia/University/testing/testing-exam/src/utils/utils.js">
      <metrics statements="20" coveredstatements="20" conditionals="16" coveredconditionals="13" methods="4" coveredmethods="4"/>
      <line num="2" count="1" type="stmt"/>
      <line num="3" count="4" type="cond" truecount="2" falsecount="0"/>
      <line num="4" count="3" type="stmt"/>
      <line num="7" count="1" type="stmt"/>
      <line num="8" count="4" type="cond" truecount="2" falsecount="0"/>
      <line num="9" count="3" type="stmt"/>
      <line num="12" count="1" type="stmt"/>
      <line num="13" count="2" type="cond" truecount="3" falsecount="1"/>
      <line num="15" count="2" type="stmt"/>
      <line num="16" count="7" type="cond" truecount="1" falsecount="1"/>
      <line num="19" count="2" type="cond" truecount="3" falsecount="1"/>
      <line num="21" count="2" type="stmt"/>
      <line num="23" count="2" type="stmt"/>
      <line num="24" count="7" type="stmt"/>
      <line num="25" count="7" type="stmt"/>
      <line num="26" count="18" type="stmt"/>
      <line num="28" count="7" type="cond" truecount="2" falsecount="0"/>
      <line num="29" count="7" type="stmt"/>
      <line num="31" count="2" type="stmt"/>
      <line num="36" count="1" type="stmt"/>
    </file>
  </project>
</coverage>
