{"/Users/mateogarcia/University/testing/testing-exam/src/utils/utils.js": {"path":"/Users/mateogarcia/University/testing/testing-exam/src/utils/utils.js","statementMap":{"0":{"start":{"line":2,"column":18},"end":{"line":5,"column":1}},"1":{"start":{"line":3,"column":4},"end":{"line":3,"column":62}},"2":{"start":{"line":3,"column":22},"end":{"line":3,"column":62}},"3":{"start":{"line":4,"column":4},"end":{"line":4,"column":41}},"4":{"start":{"line":7,"column":20},"end":{"line":10,"column":1}},"5":{"start":{"line":8,"column":4},"end":{"line":8,"column":62}},"6":{"start":{"line":8,"column":22},"end":{"line":8,"column":62}},"7":{"start":{"line":9,"column":4},"end":{"line":9,"column":39}},"8":{"start":{"line":12,"column":22},"end":{"line":32,"column":1}},"9":{"start":{"line":13,"column":4},"end":{"line":13,"column":95}},"10":{"start":{"line":13,"column":61},"end":{"line":13,"column":95}},"11":{"start":{"line":15,"column":4},"end":{"line":17,"column":7}},"12":{"start":{"line":16,"column":8},"end":{"line":16,"column":75}},"13":{"start":{"line":16,"column":22},"end":{"line":16,"column":75}},"14":{"start":{"line":19,"column":4},"end":{"line":19,"column":90}},"15":{"start":{"line":19,"column":46},"end":{"line":19,"column":90}},"16":{"start":{"line":21,"column":19},"end":{"line":21,"column":21}},"17":{"start":{"line":23,"column":4},"end":{"line":30,"column":5}},"18":{"start":{"line":23,"column":17},"end":{"line":23,"column":18}},"19":{"start":{"line":24,"column":29},"end":{"line":24,"column":30}},"20":{"start":{"line":25,"column":8},"end":{"line":27,"column":9}},"21":{"start":{"line":25,"column":21},"end":{"line":25,"column":22}},"22":{"start":{"line":26,"column":12},"end":{"line":26,"column":44}},"23":{"start":{"line":28,"column":8},"end":{"line":28,"column":86}},"24":{"start":{"line":28,"column":36},"end":{"line":28,"column":86}},"25":{"start":{"line":29,"column":8},"end":{"line":29,"column":27}},"26":{"start":{"line":31,"column":4},"end":{"line":31,"column":20}},"27":{"start":{"line":36,"column":0},"end":{"line":40,"column":1}}},"fnMap":{"0":{"name":"(anonymous_0)","decl":{"start":{"line":2,"column":18},"end":{"line":2,"column":19}},"loc":{"start":{"line":2,"column":25},"end":{"line":5,"column":1}},"line":2},"1":{"name":"(anonymous_1)","decl":{"start":{"line":7,"column":20},"end":{"line":7,"column":21}},"loc":{"start":{"line":7,"column":27},"end":{"line":10,"column":1}},"line":7},"2":{"name":"(anonymous_2)","decl":{"start":{"line":12,"column":22},"end":{"line":12,"column":23}},"loc":{"start":{"line":12,"column":41},"end":{"line":32,"column":1}},"line":12},"3":{"name":"(anonymous_3)","decl":{"start":{"line":15,"column":15},"end":{"line":15,"column":16}},"loc":{"start":{"line":15,"column":20},"end":{"line":17,"column":5}},"line":15}},"branchMap":{"0":{"loc":{"start":{"line":3,"column":4},"end":{"line":3,"column":62}},"type":"if","locations":[{"start":{"line":3,"column":4},"end":{"line":3,"column":62}},{"start":{},"end":{}}],"line":3},"1":{"loc":{"start":{"line":8,"column":4},"end":{"line":8,"column":62}},"type":"if","locations":[{"start":{"line":8,"column":4},"end":{"line":8,"column":62}},{"start":{},"end":{}}],"line":8},"2":{"loc":{"start":{"line":13,"column":4},"end":{"line":13,"column":95}},"type":"if","locations":[{"start":{"line":13,"column":4},"end":{"line":13,"column":95}},{"start":{},"end":{}}],"line":13},"3":{"loc":{"start":{"line":13,"column":8},"end":{"line":13,"column":59}},"type":"binary-expr","locations":[{"start":{"line":13,"column":8},"end":{"line":13,"column":30}},{"start":{"line":13,"column":34},"end":{"line":13,"column":59}}],"line":13},"4":{"loc":{"start":{"line":16,"column":8},"end":{"line":16,"column":75}},"type":"if","locations":[{"start":{"line":16,"column":8},"end":{"line":16,"column":75}},{"start":{},"end":{}}],"line":16},"5":{"loc":{"start":{"line":19,"column":4},"end":{"line":19,"column":90}},"type":"if","locations":[{"start":{"line":19,"column":4},"end":{"line":19,"column":90}},{"start":{},"end":{}}],"line":19},"6":{"loc":{"start":{"line":19,"column":8},"end":{"line":19,"column":44}},"type":"binary-expr","locations":[{"start":{"line":19,"column":8},"end":{"line":19,"column":18}},{"start":{"line":19,"column":22},"end":{"line":19,"column":44}}],"line":19},"7":{"loc":{"start":{"line":28,"column":8},"end":{"line":28,"column":86}},"type":"if","locations":[{"start":{"line":28,"column":8},"end":{"line":28,"column":86}},{"start":{},"end":{}}],"line":28}},"s":{"0":1,"1":4,"2":1,"3":3,"4":1,"5":4,"6":1,"7":3,"8":1,"9":2,"10":0,"11":2,"12":7,"13":0,"14":2,"15":0,"16":2,"17":2,"18":2,"19":7,"20":7,"21":7,"22":18,"23":7,"24":4,"25":7,"26":2,"27":1},"f":{"0":4,"1":4,"2":2,"3":7},"b":{"0":[1,3],"1":[1,3],"2":[0,2],"3":[2,2],"4":[0,7],"5":[0,2],"6":[2,2],"7":[4,3]},"_coverageSchema":"1a1c01bbd47fc00a2c39e90264f33305004495a9","hash":"7cff612e5ad2753a7378bbde3ed3c0e28094faec"}
}
