TN:
SF:src/utils/utils.js
FN:2,(anonymous_0)
FN:7,(anonymous_1)
FN:12,(anonymous_2)
FN:15,(anonymous_3)
FNF:4
FNH:4
FNDA:4,(anonymous_0)
FNDA:4,(anonymous_1)
FNDA:2,(anonymous_2)
FNDA:7,(anonymous_3)
DA:2,1
DA:3,4
DA:4,3
DA:7,1
DA:8,4
DA:9,3
DA:12,1
DA:13,2
DA:15,2
DA:16,7
DA:19,2
DA:21,2
DA:23,2
DA:24,7
DA:25,7
DA:26,18
DA:28,7
DA:29,7
DA:31,2
DA:36,1
LF:20
LH:20
BRDA:3,0,0,1
BRDA:3,0,1,3
BRDA:8,1,0,1
BRDA:8,1,1,3
BRDA:13,2,0,0
BRDA:13,2,1,2
BRDA:13,3,0,2
BRDA:13,3,1,2
BRDA:16,4,0,0
BRDA:16,4,1,7
BRDA:19,5,0,0
BRDA:19,5,1,2
BRDA:19,6,0,2
BRDA:19,6,1,2
BRDA:28,7,0,4
BRDA:28,7,1,3
BRF:16
BRH:13
end_of_record
